<?xml version="1.0" encoding="UTF-8"?>
<testsuite name="com.example.simform_test.UserViewModelTest" tests="1" skipped="0" failures="0" errors="0" timestamp="2021-11-11T15:47:09" hostname="BE2AT543" time="5.677">
  <properties/>
  <testcase name="Test on refresh" classname="com.example.simform_test.UserViewModelTest" time="5.677"/>
  <system-out><![CDATA[]]></system-out>
  <system-err><![CDATA[]]></system-err>
</testsuite>
